#
# A fatal error has been detected by the Java Runtime Environment:
#
#  EXCEPTION_ACCESS_VIOLATION (0xc0000005) at pc=0x00007ffd258ea67a, pid=6056, tid=17672
#
# JRE version:  (21.0.9+10) (build )
# Java VM: OpenJDK 64-Bit Server VM (21.0.9+10-LTS, mixed mode, sharing, tiered, compressed oops, compressed class ptrs, g1 gc, windows-amd64)
# Problematic frame:
# V  [jvm.dll+0xa67a]
#
# No core dump will be written. Minidumps are not enabled by default on client versions of Windows
#
#

---------------  S U M M A R Y ------------

Command Line: -javaagent:C:\Program Files\JetBrains\IntelliJ IDEA Community Edition 2025.2.3\lib\idea_rt.jar=59446 -Dfile.encoding=UTF-8 -Dsun.stdout.encoding=UTF-8 -Dsun.stderr.encoding=UTF-8 com.gft.api_gateway.Startup

Host: Intel(R) Core(TM) i5-8265U CPU @ 1.60GHz, 8 cores, 15G,  Windows 11 , 64 bit Build 26100 (10.0.26100.7019)
Time: Tue Dec  2 14:31:11 2025 E. South America Standard Time elapsed time: 0.065265 seconds (0d 0h 0m 0s)

---------------  T H R E A D  ---------------

Current thread (0x0000024009db6cf0):  JavaThread "Unknown thread" [_thread_in_vm, id=17672, stack(0x000000a471d00000,0x000000a471e00000) (1024K)]

Stack: [0x000000a471d00000,0x000000a471e00000],  sp=0x000000a471dff420,  free space=1021k
Native frames: (J=compiled Java code, j=interpreted, Vv=VM code, C=native code)
V  [jvm.dll+0xa67a]  (no source info available)
V  [jvm.dll+0x69139f]  (no source info available)
V  [jvm.dll+0x3d54e1]  (no source info available)
V  [jvm.dll+0x3d5660]  (no source info available)
V  [jvm.dll+0x888310]  (no source info available)
V  [jvm.dll+0x889d29]  (no source info available)
V  [jvm.dll+0x3cdb6c]  (no source info available)
V  [jvm.dll+0x8727c2]  (no source info available)
V  [jvm.dll+0x461751]  (no source info available)
V  [jvm.dll+0x463391]  (no source info available)
C  [jli.dll+0x52f0]  (no source info available)
C  [ucrtbase.dll+0x37b0]  (no source info available)
C  [KERNEL32.DLL+0x2e8d7]  (no source info available)
C  [ntdll.dll+0x8c53c]  (no source info available)


siginfo: EXCEPTION_ACCESS_VIOLATION (0xc0000005), reading address 0xffffffffffffffff


Registers:
RAX=0xff0118632cbcde98, RBX=0x0000000000000000, RCX=0x000002402c43dfa0, RDX=0x000000a471dff4e0
RSP=0x000000a471dff420, RBP=0x000000a471dff579, RSI=0x000000a471dff4e0, RDI=0x000000a471dff4e0
R8 =0x0000024009db6cf0, R9 =0x0000024009dc2680, R10=0x000002402c43df48, R11=0x0000000000000001
R12=0x0000000000000000, R13=0x00007ffd263aaa88, R14=0x0000024009db6cf0, R15=0x000002402c611e10
RIP=0x00007ffd258ea67a, EFLAGS=0x0000000000010246

XMM[0]=0x0000000000000000 0xf4f4f4f4f4f4f4f4
XMM[1]=0x8b4c0824748b4c24 0x3c8b4c00000a80c4
XMM[2]=0x247c8b483824448b 0x4c30244c8b4c2824
XMM[3]=0x487824448b487024 0x4c8b486824548b48
XMM[4]=0x894c302454894850 0x30ec83485808246c
XMM[5]=0xfac510244411fac5 0x18244c894c282444
XMM[6]=0x0000000000000000 0x0000000000000000
XMM[7]=0x0000000000000000 0x0000000000000000
XMM[8]=0x0000000000000000 0x0000000000000000
XMM[9]=0x0000000000000000 0x0000000000000000
XMM[10]=0x0000000000000000 0x0000000000000000
XMM[11]=0x0000000000000000 0x0000000000000000
XMM[12]=0x0000000000000000 0x0000000000000000
XMM[13]=0x0000000000000000 0x0000000000000000
XMM[14]=0x0000000000000000 0x0000000000000000
XMM[15]=0x0000000000000000 0x0000000000000000
  MXCSR=0x00001fa0


Register to memory mapping:

RAX=0xff0118632cbcde98 is an unknown value
RBX=0x0 is null
RCX={method} {0x000002402c43dfa8} 
[error occurred during error reporting (printing register info), id 0xc0000005, EXCEPTION_ACCESS_VIOLATION (0xc0000005) at pc=0x00007ffd25f72e2a]
RDX=0x000000a471dff4e0 is pointing into the stack for thread: 0x0000024009db6cf0
RSP=0x000000a471dff420 is pointing into the stack for thread: 0x0000024009db6cf0
RBP=0x000000a471dff579 is pointing into the stack for thread: 0x0000024009db6cf0
RSI=0x000000a471dff4e0 is pointing into the stack for thread: 0x0000024009db6cf0
RDI=0x000000a471dff4e0 is pointing into the stack for thread: 0x0000024009db6cf0
R8 =0x0000024009db6cf0 is a thread
R9 =0x0000024009dc2680 points into unknown readable memory: 0x0000001e00000001 | 01 00 00 00 1e 00 00 00
R10=0x000002402c43df48 is pointing into metadata
R11=0x0000000000000001 is an unknown value
R12=0x0 is null
R13=0x00007ffd263aaa88 jvm.dll
R14=0x0000024009db6cf0 is a thread
R15=0x000002402c611e10 is pointing into metadata

Top of Stack: (sp=0x000000a471dff420)
0x000000a471dff420:   0000024009db6cf0 00007ffd263aaa88
0x000000a471dff430:   0000000000000000 000000a471dff4e0
0x000000a471dff440:   0000024009db6cf0 00007ffd25f7139f
0x000000a471dff450:   000002402c43dfa0 000002402c43def0
0x000000a471dff460:   000000a471dff579 00007ffd26110916
0x000000a471dff470:   0000002df193805a 0000024009d9c170
0x000000a471dff480:   000002402c013bd0 0000000712206038
0x000000a471dff490:   0000000000000131 00007ffd25cb54e1
0x000000a471dff4a0:   000002402c013bd0 0000024009db6cf0
0x000000a471dff4b0:   000002402c611e10 00007ffd265ab930
0x000000a471dff4c0:   00000000ffffffff 00007ffd2602a769
0x000000a471dff4d0:   00007ffd265a9c30 0000024009dbe950
0x000000a471dff4e0:   000002402c43dfa0 0000024009db6cf0
0x000000a471dff4f0:   00007ffd00000003 00007ffd25cb561e
0x000000a471dff500:   0000000000000000 000000000008e007
0x000000a471dff510:   000000a471dff501 000002400c1a09e0
0x000000a471dff520:   000002400c1a0850 000002400c1a0210
0x000000a471dff530:   000002400c1971e4 000002400c1971f8
0x000000a471dff540:   ffffffff00000001 00007ffd2610d8d3
0x000000a471dff550:   0000024009db6cf0 000002400c1ac800
0x000000a471dff560:   0000000000000001 0000024009db6cf0
0x000000a471dff570:   0000024009dbf090 000002400c1ac790
0x000000a471dff580:   000002400c1ac800 000002400c1b4778
0x000000a471dff590:   00000000000080b0 000000a471dff808
0x000000a471dff5a0:   000002402c4865f8 0000024009dc1bc0
0x000000a471dff5b0:   00007ffd263aaa88 0000024009d9c170
0x000000a471dff5c0:   0000024009db6cf0 0000000000000000
0x000000a471dff5d0:   000002402c013bd0 00007ffd25cb5660
0x000000a471dff5e0:   000002402c013bd0 00007ffd263aaa88
0x000000a471dff5f0:   000002402c43dfa0 0000000712209f58
0x000000a471dff600:   0000024009db6cf0 00007ffd26168310
0x000000a471dff610:   000002402c4bf900 0000000712209f40 

Instructions: (pc=0x00007ffd258ea67a)
0x00007ffd258ea57a:   24 30 48 83 c4 20 5f c3 b8 16 00 00 00 48 8b 5c
0x00007ffd258ea58a:   24 30 48 83 c4 20 5f c3 b8 17 00 00 00 48 8b 5c
0x00007ffd258ea59a:   24 30 48 83 c4 20 5f c3 b8 18 00 00 00 48 8b 5c
0x00007ffd258ea5aa:   24 30 48 83 c4 20 5f c3 b8 1a 00 00 00 48 8b 5c
0x00007ffd258ea5ba:   24 30 48 83 c4 20 5f c3 b8 19 00 00 00 48 8b 5c
0x00007ffd258ea5ca:   24 30 48 83 c4 20 5f c3 b8 13 00 00 00 48 8b 5c
0x00007ffd258ea5da:   24 30 48 83 c4 20 5f c3 b8 14 00 00 00 48 8b 5c
0x00007ffd258ea5ea:   24 30 48 83 c4 20 5f c3 b8 1b 00 00 00 48 8b 5c
0x00007ffd258ea5fa:   24 30 48 83 c4 20 5f c3 80 3d 4c ce c3 00 00 74
0x00007ffd258ea60a:   1b 48 8b 07 48 8b 48 08 66 83 79 22 01 75 0d 33
0x00007ffd258ea61a:   c0 48 8b 5c 24 30 48 83 c4 20 5f c3 48 8b 0f 8b
0x00007ffd258ea62a:   41 28 0f ba e0 08 73 30 0f b7 51 34 b9 c3 00 00
0x00007ffd258ea63a:   00 66 3b d1 0f 84 86 00 00 00 b9 c4 00 00 00 66
0x00007ffd258ea64a:   3b d1 74 7c 83 e0 20 83 c8 40 c1 e8 05 48 8b 5c
0x00007ffd258ea65a:   24 30 48 83 c4 20 5f c3 a8 20 74 10 b8 01 00 00
0x00007ffd258ea66a:   00 48 8b 5c 24 30 48 83 c4 20 5f c3 48 8b 41 08
0x00007ffd258ea67a:   66 83 78 22 01 75 16 80 78 38 b1 75 10 b8 04 00
0x00007ffd258ea68a:   00 00 48 8b 5c 24 30 48 83 c4 20 5f c3 e8 f4 62
0x00007ffd258ea69a:   68 00 84 c0 74 10 b8 05 00 00 00 48 8b 5c 24 30
0x00007ffd258ea6aa:   48 83 c4 20 5f c3 48 8b 0f e8 38 68 68 00 f6 d8
0x00007ffd258ea6ba:   1b c0 83 e0 06 48 8b 5c 24 30 48 83 c4 20 5f c3
0x00007ffd258ea6ca:   48 8b 5c 24 30 b8 07 00 00 00 48 83 c4 20 5f c3
0x00007ffd258ea6da:   66 90 62 a5 00 00 32 a5 00 00 42 a5 00 00 52 a5
0x00007ffd258ea6ea:   00 00 d2 a5 00 00 72 a5 00 00 82 a5 00 00 92 a5
0x00007ffd258ea6fa:   00 00 a2 a5 00 00 b2 a5 00 00 c2 a5 00 00 e2 a5
0x00007ffd258ea70a:   00 00 d2 a4 00 00 c2 a4 00 00 f2 a4 00 00 e2 a4
0x00007ffd258ea71a:   00 00 02 a5 00 00 12 a5 00 00 22 a5 00 00 f2 a5
0x00007ffd258ea72a:   00 00 72 a4 00 00 82 a4 00 00 92 a4 00 00 a2 a4
0x00007ffd258ea73a:   00 00 b2 a4 00 00 26 a6 00 00 00 19 19 19 01 19
0x00007ffd258ea74a:   19 19 02 03 19 04 05 06 07 08 19 19 19 19 19 19
0x00007ffd258ea75a:   19 19 19 19 19 19 19 19 19 19 09 0a 19 19 19 19
0x00007ffd258ea76a:   19 19 19 19 19 19 19 19 19 19 19 19 0b 19 19 19 


Stack slot to memory mapping:

stack at sp + 0 slots: 0x0000024009db6cf0 is a thread
stack at sp + 1 slots: 0x00007ffd263aaa88 jvm.dll
stack at sp + 2 slots: 0x0 is null
stack at sp + 3 slots: 0x000000a471dff4e0 is pointing into the stack for thread: 0x0000024009db6cf0
stack at sp + 4 slots: 0x0000024009db6cf0 is a thread
stack at sp + 5 slots: 0x00007ffd25f7139f jvm.dll
stack at sp + 6 slots: {method} {0x000002402c43dfa8} 
[error occurred during error reporting (inspecting top of stack), id 0xc0000005, EXCEPTION_ACCESS_VIOLATION (0xc0000005) at pc=0x00007ffd25f72e2a]
stack at sp + 7 slots: {method} {0x000002402c43def8} 'compareAndSetFloat' '(Ljava/lang/Object;JFF)Z' in 'jdk/internal/misc/Unsafe'


---------------  P R O C E S S  ---------------

Threads class SMR info:
_java_thread_list=0x000002402b4125d0, length=1, elements={
0x0000024009db6cf0
}

Java Threads: ( => current thread )
=>0x0000024009db6cf0 JavaThread "Unknown thread"             [_thread_in_vm, id=17672, stack(0x000000a471d00000,0x000000a471e00000) (1024K)]
Total: 1

Other Threads:
  0x000002402b540430 WatcherThread "VM Periodic Task Thread"        [id=10536, stack(0x000000a472300000,0x000000a472400000) (1024K)]
  0x000002400c207a20 WorkerThread "GC Thread#0"                     [id=22712, stack(0x000000a471e00000,0x000000a471f00000) (1024K)]
  0x000002400c218790 ConcurrentGCThread "G1 Main Marker"            [id=20036, stack(0x000000a471f00000,0x000000a472000000) (1024K)]
  0x000002400c219290 WorkerThread "G1 Conc#0"                       [id=21940, stack(0x000000a472000000,0x000000a472100000) (1024K)]
  0x000002402b40f1a0 ConcurrentGCThread "G1 Refine#0"               [id=22908, stack(0x000000a472100000,0x000000a472200000) (1024K)]
  0x000002402b410bc0 ConcurrentGCThread "G1 Service"                [id=20012, stack(0x000000a472200000,0x000000a472300000) (1024K)]
Total: 6

Threads with active compile tasks:
Total: 0

VM state: not at safepoint (normal execution)

VM Mutex/Monitor currently owned by a thread: None

Heap address: 0x0000000702600000, size: 4058 MB, Compressed Oops mode: Zero based, Oop shift amount: 3

CDS archive(s) mapped at: [0x000002402c000000-0x000002402cc80000-0x000002402cc80000), size 13107200, SharedBaseAddress: 0x000002402c000000, ArchiveRelocationMode: 1.
Compressed class space mapped at: 0x000002402d000000-0x000002406d000000, reserved size: 1073741824
Narrow klass base: 0x000002402c000000, Narrow klass shift: 0, Narrow klass range: 0x100000000

GC Precious Log:
 CardTable entry size: 512
 Card Set container configuration: InlinePtr #cards 4 size 8 Array Of Cards #cards 16 size 48 Howl #buckets 8 coarsen threshold 3686 Howl Bitmap #cards 512 size 80 coarsen threshold 460 Card regions per heap region 1 cards per card region 4096
 CPUs: 8 total, 8 available
 Memory: 16230M
 Large Page Support: Disabled
 NUMA Support: Disabled
 Compressed Oops: Enabled (Zero based)
 Heap Region Size: 2M
 Heap Min Capacity: 8M
 Heap Initial Capacity: 254M
 Heap Max Capacity: 4058M
 Pre-touch: Disabled
 Parallel Workers: 8
 Concurrent Workers: 2
 Concurrent Refinement Workers: 8
 Periodic GC: Disabled

Heap:
 garbage-first heap   total 260096K, used 0K [0x0000000702600000, 0x0000000800000000)
  region size 2048K, 1 young (2048K), 0 survivors (0K)
 Metaspace       used 0K, committed 0K, reserved 1048576K
  class space    used 0K, committed 0K, reserved 1048576K

Heap Regions: E=young(eden), S=young(survivor), O=old, HS=humongous(starts), HC=humongous(continues), CS=collection set, F=free, TAMS=top-at-mark-start, PB=parsable bottom
|   0|0x0000000702600000, 0x0000000702600000, 0x0000000702800000|  0%| F|  |TAMS 0x0000000702600000| PB 0x0000000702600000| Untracked 
|   1|0x0000000702800000, 0x0000000702800000, 0x0000000702a00000|  0%| F|  |TAMS 0x0000000702800000| PB 0x0000000702800000| Untracked 
|   2|0x0000000702a00000, 0x0000000702a00000, 0x0000000702c00000|  0%| F|  |TAMS 0x0000000702a00000| PB 0x0000000702a00000| Untracked 
|   3|0x0000000702c00000, 0x0000000702c00000, 0x0000000702e00000|  0%| F|  |TAMS 0x0000000702c00000| PB 0x0000000702c00000| Untracked 
|   4|0x0000000702e00000, 0x0000000702e00000, 0x0000000703000000|  0%| F|  |TAMS 0x0000000702e00000| PB 0x0000000702e00000| Untracked 
|   5|0x0000000703000000, 0x0000000703000000, 0x0000000703200000|  0%| F|  |TAMS 0x0000000703000000| PB 0x0000000703000000| Untracked 
|   6|0x0000000703200000, 0x0000000703200000, 0x0000000703400000|  0%| F|  |TAMS 0x0000000703200000| PB 0x0000000703200000| Untracked 
|   7|0x0000000703400000, 0x0000000703400000, 0x0000000703600000|  0%| F|  |TAMS 0x0000000703400000| PB 0x0000000703400000| Untracked 
|   8|0x0000000703600000, 0x0000000703600000, 0x0000000703800000|  0%| F|  |TAMS 0x0000000703600000| PB 0x0000000703600000| Untracked 
|   9|0x0000000703800000, 0x0000000703800000, 0x0000000703a00000|  0%| F|  |TAMS 0x0000000703800000| PB 0x0000000703800000| Untracked 
|  10|0x0000000703a00000, 0x0000000703a00000, 0x0000000703c00000|  0%| F|  |TAMS 0x0000000703a00000| PB 0x0000000703a00000| Untracked 
|  11|0x0000000703c00000, 0x0000000703c00000, 0x0000000703e00000|  0%| F|  |TAMS 0x0000000703c00000| PB 0x0000000703c00000| Untracked 
|  12|0x0000000703e00000, 0x0000000703e00000, 0x0000000704000000|  0%| F|  |TAMS 0x0000000703e00000| PB 0x0000000703e00000| Untracked 
|  13|0x0000000704000000, 0x0000000704000000, 0x0000000704200000|  0%| F|  |TAMS 0x0000000704000000| PB 0x0000000704000000| Untracked 
|  14|0x0000000704200000, 0x0000000704200000, 0x0000000704400000|  0%| F|  |TAMS 0x0000000704200000| PB 0x0000000704200000| Untracked 
|  15|0x0000000704400000, 0x0000000704400000, 0x0000000704600000|  0%| F|  |TAMS 0x0000000704400000| PB 0x0000000704400000| Untracked 
|  16|0x0000000704600000, 0x0000000704600000, 0x0000000704800000|  0%| F|  |TAMS 0x0000000704600000| PB 0x0000000704600000| Untracked 
|  17|0x0000000704800000, 0x0000000704800000, 0x0000000704a00000|  0%| F|  |TAMS 0x0000000704800000| PB 0x0000000704800000| Untracked 
|  18|0x0000000704a00000, 0x0000000704a00000, 0x0000000704c00000|  0%| F|  |TAMS 0x0000000704a00000| PB 0x0000000704a00000| Untracked 
|  19|0x0000000704c00000, 0x0000000704c00000, 0x0000000704e00000|  0%| F|  |TAMS 0x0000000704c00000| PB 0x0000000704c00000| Untracked 
|  20|0x0000000704e00000, 0x0000000704e00000, 0x0000000705000000|  0%| F|  |TAMS 0x0000000704e00000| PB 0x0000000704e00000| Untracked 
|  21|0x0000000705000000, 0x0000000705000000, 0x0000000705200000|  0%| F|  |TAMS 0x0000000705000000| PB 0x0000000705000000| Untracked 
|  22|0x0000000705200000, 0x0000000705200000, 0x0000000705400000|  0%| F|  |TAMS 0x0000000705200000| PB 0x0000000705200000| Untracked 
|  23|0x0000000705400000, 0x0000000705400000, 0x0000000705600000|  0%| F|  |TAMS 0x0000000705400000| PB 0x0000000705400000| Untracked 
|  24|0x0000000705600000, 0x0000000705600000, 0x0000000705800000|  0%| F|  |TAMS 0x0000000705600000| PB 0x0000000705600000| Untracked 
|  25|0x0000000705800000, 0x0000000705800000, 0x0000000705a00000|  0%| F|  |TAMS 0x0000000705800000| PB 0x0000000705800000| Untracked 
|  26|0x0000000705a00000, 0x0000000705a00000, 0x0000000705c00000|  0%| F|  |TAMS 0x0000000705a00000| PB 0x0000000705a00000| Untracked 
|  27|0x0000000705c00000, 0x0000000705c00000, 0x0000000705e00000|  0%| F|  |TAMS 0x0000000705c00000| PB 0x0000000705c00000| Untracked 
|  28|0x0000000705e00000, 0x0000000705e00000, 0x0000000706000000|  0%| F|  |TAMS 0x0000000705e00000| PB 0x0000000705e00000| Untracked 
|  29|0x0000000706000000, 0x0000000706000000, 0x0000000706200000|  0%| F|  |TAMS 0x0000000706000000| PB 0x0000000706000000| Untracked 
|  30|0x0000000706200000, 0x0000000706200000, 0x0000000706400000|  0%| F|  |TAMS 0x0000000706200000| PB 0x0000000706200000| Untracked 
|  31|0x0000000706400000, 0x0000000706400000, 0x0000000706600000|  0%| F|  |TAMS 0x0000000706400000| PB 0x0000000706400000| Untracked 
|  32|0x0000000706600000, 0x0000000706600000, 0x0000000706800000|  0%| F|  |TAMS 0x0000000706600000| PB 0x0000000706600000| Untracked 
|  33|0x0000000706800000, 0x0000000706800000, 0x0000000706a00000|  0%| F|  |TAMS 0x0000000706800000| PB 0x0000000706800000| Untracked 
|  34|0x0000000706a00000, 0x0000000706a00000, 0x0000000706c00000|  0%| F|  |TAMS 0x0000000706a00000| PB 0x0000000706a00000| Untracked 
|  35|0x0000000706c00000, 0x0000000706c00000, 0x0000000706e00000|  0%| F|  |TAMS 0x0000000706c00000| PB 0x0000000706c00000| Untracked 
|  36|0x0000000706e00000, 0x0000000706e00000, 0x0000000707000000|  0%| F|  |TAMS 0x0000000706e00000| PB 0x0000000706e00000| Untracked 
|  37|0x0000000707000000, 0x0000000707000000, 0x0000000707200000|  0%| F|  |TAMS 0x0000000707000000| PB 0x0000000707000000| Untracked 
|  38|0x0000000707200000, 0x0000000707200000, 0x0000000707400000|  0%| F|  |TAMS 0x0000000707200000| PB 0x0000000707200000| Untracked 
|  39|0x0000000707400000, 0x0000000707400000, 0x0000000707600000|  0%| F|  |TAMS 0x0000000707400000| PB 0x0000000707400000| Untracked 
|  40|0x0000000707600000, 0x0000000707600000, 0x0000000707800000|  0%| F|  |TAMS 0x0000000707600000| PB 0x0000000707600000| Untracked 
|  41|0x0000000707800000, 0x0000000707800000, 0x0000000707a00000|  0%| F|  |TAMS 0x0000000707800000| PB 0x0000000707800000| Untracked 
|  42|0x0000000707a00000, 0x0000000707a00000, 0x0000000707c00000|  0%| F|  |TAMS 0x0000000707a00000| PB 0x0000000707a00000| Untracked 
|  43|0x0000000707c00000, 0x0000000707c00000, 0x0000000707e00000|  0%| F|  |TAMS 0x0000000707c00000| PB 0x0000000707c00000| Untracked 
|  44|0x0000000707e00000, 0x0000000707e00000, 0x0000000708000000|  0%| F|  |TAMS 0x0000000707e00000| PB 0x0000000707e00000| Untracked 
|  45|0x0000000708000000, 0x0000000708000000, 0x0000000708200000|  0%| F|  |TAMS 0x0000000708000000| PB 0x0000000708000000| Untracked 
|  46|0x0000000708200000, 0x0000000708200000, 0x0000000708400000|  0%| F|  |TAMS 0x0000000708200000| PB 0x0000000708200000| Untracked 
|  47|0x0000000708400000, 0x0000000708400000, 0x0000000708600000|  0%| F|  |TAMS 0x0000000708400000| PB 0x0000000708400000| Untracked 
|  48|0x0000000708600000, 0x0000000708600000, 0x0000000708800000|  0%| F|  |TAMS 0x0000000708600000| PB 0x0000000708600000| Untracked 
|  49|0x0000000708800000, 0x0000000708800000, 0x0000000708a00000|  0%| F|  |TAMS 0x0000000708800000| PB 0x0000000708800000| Untracked 
|  50|0x0000000708a00000, 0x0000000708a00000, 0x0000000708c00000|  0%| F|  |TAMS 0x0000000708a00000| PB 0x0000000708a00000| Untracked 
|  51|0x0000000708c00000, 0x0000000708c00000, 0x0000000708e00000|  0%| F|  |TAMS 0x0000000708c00000| PB 0x0000000708c00000| Untracked 
|  52|0x0000000708e00000, 0x0000000708e00000, 0x0000000709000000|  0%| F|  |TAMS 0x0000000708e00000| PB 0x0000000708e00000| Untracked 
|  53|0x0000000709000000, 0x0000000709000000, 0x0000000709200000|  0%| F|  |TAMS 0x0000000709000000| PB 0x0000000709000000| Untracked 
|  54|0x0000000709200000, 0x0000000709200000, 0x0000000709400000|  0%| F|  |TAMS 0x0000000709200000| PB 0x0000000709200000| Untracked 
|  55|0x0000000709400000, 0x0000000709400000, 0x0000000709600000|  0%| F|  |TAMS 0x0000000709400000| PB 0x0000000709400000| Untracked 
|  56|0x0000000709600000, 0x0000000709600000, 0x0000000709800000|  0%| F|  |TAMS 0x0000000709600000| PB 0x0000000709600000| Untracked 
|  57|0x0000000709800000, 0x0000000709800000, 0x0000000709a00000|  0%| F|  |TAMS 0x0000000709800000| PB 0x0000000709800000| Untracked 
|  58|0x0000000709a00000, 0x0000000709a00000, 0x0000000709c00000|  0%| F|  |TAMS 0x0000000709a00000| PB 0x0000000709a00000| Untracked 
|  59|0x0000000709c00000, 0x0000000709c00000, 0x0000000709e00000|  0%| F|  |TAMS 0x0000000709c00000| PB 0x0000000709c00000| Untracked 
|  60|0x0000000709e00000, 0x0000000709e00000, 0x000000070a000000|  0%| F|  |TAMS 0x0000000709e00000| PB 0x0000000709e00000| Untracked 
|  61|0x000000070a000000, 0x000000070a000000, 0x000000070a200000|  0%| F|  |TAMS 0x000000070a000000| PB 0x000000070a000000| Untracked 
|  62|0x000000070a200000, 0x000000070a200000, 0x000000070a400000|  0%| F|  |TAMS 0x000000070a200000| PB 0x000000070a200000| Untracked 
|  63|0x000000070a400000, 0x000000070a400000, 0x000000070a600000|  0%| F|  |TAMS 0x000000070a400000| PB 0x000000070a400000| Untracked 
|  64|0x000000070a600000, 0x000000070a600000, 0x000000070a800000|  0%| F|  |TAMS 0x000000070a600000| PB 0x000000070a600000| Untracked 
|  65|0x000000070a800000, 0x000000070a800000, 0x000000070aa00000|  0%| F|  |TAMS 0x000000070a800000| PB 0x000000070a800000| Untracked 
|  66|0x000000070aa00000, 0x000000070aa00000, 0x000000070ac00000|  0%| F|  |TAMS 0x000000070aa00000| PB 0x000000070aa00000| Untracked 
|  67|0x000000070ac00000, 0x000000070ac00000, 0x000000070ae00000|  0%| F|  |TAMS 0x000000070ac00000| PB 0x000000070ac00000| Untracked 
|  68|0x000000070ae00000, 0x000000070ae00000, 0x000000070b000000|  0%| F|  |TAMS 0x000000070ae00000| PB 0x000000070ae00000| Untracked 
|  69|0x000000070b000000, 0x000000070b000000, 0x000000070b200000|  0%| F|  |TAMS 0x000000070b000000| PB 0x000000070b000000| Untracked 
|  70|0x000000070b200000, 0x000000070b200000, 0x000000070b400000|  0%| F|  |TAMS 0x000000070b200000| PB 0x000000070b200000| Untracked 
|  71|0x000000070b400000, 0x000000070b400000, 0x000000070b600000|  0%| F|  |TAMS 0x000000070b400000| PB 0x000000070b400000| Untracked 
|  72|0x000000070b600000, 0x000000070b600000, 0x000000070b800000|  0%| F|  |TAMS 0x000000070b600000| PB 0x000000070b600000| Untracked 
|  73|0x000000070b800000, 0x000000070b800000, 0x000000070ba00000|  0%| F|  |TAMS 0x000000070b800000| PB 0x000000070b800000| Untracked 
|  74|0x000000070ba00000, 0x000000070ba00000, 0x000000070bc00000|  0%| F|  |TAMS 0x000000070ba00000| PB 0x000000070ba00000| Untracked 
|  75|0x000000070bc00000, 0x000000070bc00000, 0x000000070be00000|  0%| F|  |TAMS 0x000000070bc00000| PB 0x000000070bc00000| Untracked 
|  76|0x000000070be00000, 0x000000070be00000, 0x000000070c000000|  0%| F|  |TAMS 0x000000070be00000| PB 0x000000070be00000| Untracked 
|  77|0x000000070c000000, 0x000000070c000000, 0x000000070c200000|  0%| F|  |TAMS 0x000000070c000000| PB 0x000000070c000000| Untracked 
|  78|0x000000070c200000, 0x000000070c200000, 0x000000070c400000|  0%| F|  |TAMS 0x000000070c200000| PB 0x000000070c200000| Untracked 
|  79|0x000000070c400000, 0x000000070c400000, 0x000000070c600000|  0%| F|  |TAMS 0x000000070c400000| PB 0x000000070c400000| Untracked 
|  80|0x000000070c600000, 0x000000070c600000, 0x000000070c800000|  0%| F|  |TAMS 0x000000070c600000| PB 0x000000070c600000| Untracked 
|  81|0x000000070c800000, 0x000000070c800000, 0x000000070ca00000|  0%| F|  |TAMS 0x000000070c800000| PB 0x000000070c800000| Untracked 
|  82|0x000000070ca00000, 0x000000070ca00000, 0x000000070cc00000|  0%| F|  |TAMS 0x000000070ca00000| PB 0x000000070ca00000| Untracked 
|  83|0x000000070cc00000, 0x000000070cc00000, 0x000000070ce00000|  0%| F|  |TAMS 0x000000070cc00000| PB 0x000000070cc00000| Untracked 
|  84|0x000000070ce00000, 0x000000070ce00000, 0x000000070d000000|  0%| F|  |TAMS 0x000000070ce00000| PB 0x000000070ce00000| Untracked 
|  85|0x000000070d000000, 0x000000070d000000, 0x000000070d200000|  0%| F|  |TAMS 0x000000070d000000| PB 0x000000070d000000| Untracked 
|  86|0x000000070d200000, 0x000000070d200000, 0x000000070d400000|  0%| F|  |TAMS 0x000000070d200000| PB 0x000000070d200000| Untracked 
|  87|0x000000070d400000, 0x000000070d400000, 0x000000070d600000|  0%| F|  |TAMS 0x000000070d400000| PB 0x000000070d400000| Untracked 
|  88|0x000000070d600000, 0x000000070d600000, 0x000000070d800000|  0%| F|  |TAMS 0x000000070d600000| PB 0x000000070d600000| Untracked 
|  89|0x000000070d800000, 0x000000070d800000, 0x000000070da00000|  0%| F|  |TAMS 0x000000070d800000| PB 0x000000070d800000| Untracked 
|  90|0x000000070da00000, 0x000000070da00000, 0x000000070dc00000|  0%| F|  |TAMS 0x000000070da00000| PB 0x000000070da00000| Untracked 
|  91|0x000000070dc00000, 0x000000070dc00000, 0x000000070de00000|  0%| F|  |TAMS 0x000000070dc00000| PB 0x000000070dc00000| Untracked 
|  92|0x000000070de00000, 0x000000070de00000, 0x000000070e000000|  0%| F|  |TAMS 0x000000070de00000| PB 0x000000070de00000| Untracked 
|  93|0x000000070e000000, 0x000000070e000000, 0x000000070e200000|  0%| F|  |TAMS 0x000000070e000000| PB 0x000000070e000000| Untracked 
|  94|0x000000070e200000, 0x000000070e200000, 0x000000070e400000|  0%| F|  |TAMS 0x000000070e200000| PB 0x000000070e200000| Untracked 
|  95|0x000000070e400000, 0x000000070e400000, 0x000000070e600000|  0%| F|  |TAMS 0x000000070e400000| PB 0x000000070e400000| Untracked 
|  96|0x000000070e600000, 0x000000070e600000, 0x000000070e800000|  0%| F|  |TAMS 0x000000070e600000| PB 0x000000070e600000| Untracked 
|  97|0x000000070e800000, 0x000000070e800000, 0x000000070ea00000|  0%| F|  |TAMS 0x000000070e800000| PB 0x000000070e800000| Untracked 
|  98|0x000000070ea00000, 0x000000070ea00000, 0x000000070ec00000|  0%| F|  |TAMS 0x000000070ea00000| PB 0x000000070ea00000| Untracked 
|  99|0x000000070ec00000, 0x000000070ec00000, 0x000000070ee00000|  0%| F|  |TAMS 0x000000070ec00000| PB 0x000000070ec00000| Untracked 
| 100|0x000000070ee00000, 0x000000070ee00000, 0x000000070f000000|  0%| F|  |TAMS 0x000000070ee00000| PB 0x000000070ee00000| Untracked 
| 101|0x000000070f000000, 0x000000070f000000, 0x000000070f200000|  0%| F|  |TAMS 0x000000070f000000| PB 0x000000070f000000| Untracked 
| 102|0x000000070f200000, 0x000000070f200000, 0x000000070f400000|  0%| F|  |TAMS 0x000000070f200000| PB 0x000000070f200000| Untracked 
| 103|0x000000070f400000, 0x000000070f400000, 0x000000070f600000|  0%| F|  |TAMS 0x000000070f400000| PB 0x000000070f400000| Untracked 
| 104|0x000000070f600000, 0x000000070f600000, 0x000000070f800000|  0%| F|  |TAMS 0x000000070f600000| PB 0x000000070f600000| Untracked 
| 105|0x000000070f800000, 0x000000070f800000, 0x000000070fa00000|  0%| F|  |TAMS 0x000000070f800000| PB 0x000000070f800000| Untracked 
| 106|0x000000070fa00000, 0x000000070fa00000, 0x000000070fc00000|  0%| F|  |TAMS 0x000000070fa00000| PB 0x000000070fa00000| Untracked 
| 107|0x000000070fc00000, 0x000000070fc00000, 0x000000070fe00000|  0%| F|  |TAMS 0x000000070fc00000| PB 0x000000070fc00000| Untracked 
| 108|0x000000070fe00000, 0x000000070fe00000, 0x0000000710000000|  0%| F|  |TAMS 0x000000070fe00000| PB 0x000000070fe00000| Untracked 
| 109|0x0000000710000000, 0x0000000710000000, 0x0000000710200000|  0%| F|  |TAMS 0x0000000710000000| PB 0x0000000710000000| Untracked 
| 110|0x0000000710200000, 0x0000000710200000, 0x0000000710400000|  0%| F|  |TAMS 0x0000000710200000| PB 0x0000000710200000| Untracked 
| 111|0x0000000710400000, 0x0000000710400000, 0x0000000710600000|  0%| F|  |TAMS 0x0000000710400000| PB 0x0000000710400000| Untracked 
| 112|0x0000000710600000, 0x0000000710600000, 0x0000000710800000|  0%| F|  |TAMS 0x0000000710600000| PB 0x0000000710600000| Untracked 
| 113|0x0000000710800000, 0x0000000710800000, 0x0000000710a00000|  0%| F|  |TAMS 0x0000000710800000| PB 0x0000000710800000| Untracked 
| 114|0x0000000710a00000, 0x0000000710a00000, 0x0000000710c00000|  0%| F|  |TAMS 0x0000000710a00000| PB 0x0000000710a00000| Untracked 
| 115|0x0000000710c00000, 0x0000000710c00000, 0x0000000710e00000|  0%| F|  |TAMS 0x0000000710c00000| PB 0x0000000710c00000| Untracked 
| 116|0x0000000710e00000, 0x0000000710e00000, 0x0000000711000000|  0%| F|  |TAMS 0x0000000710e00000| PB 0x0000000710e00000| Untracked 
| 117|0x0000000711000000, 0x0000000711000000, 0x0000000711200000|  0%| F|  |TAMS 0x0000000711000000| PB 0x0000000711000000| Untracked 
| 118|0x0000000711200000, 0x0000000711200000, 0x0000000711400000|  0%| F|  |TAMS 0x0000000711200000| PB 0x0000000711200000| Untracked 
| 119|0x0000000711400000, 0x0000000711400000, 0x0000000711600000|  0%| F|  |TAMS 0x0000000711400000| PB 0x0000000711400000| Untracked 
| 120|0x0000000711600000, 0x0000000711600000, 0x0000000711800000|  0%| F|  |TAMS 0x0000000711600000| PB 0x0000000711600000| Untracked 
| 121|0x0000000711800000, 0x0000000711800000, 0x0000000711a00000|  0%| F|  |TAMS 0x0000000711800000| PB 0x0000000711800000| Untracked 
| 122|0x0000000711a00000, 0x0000000711a00000, 0x0000000711c00000|  0%| F|  |TAMS 0x0000000711a00000| PB 0x0000000711a00000| Untracked 
| 123|0x0000000711c00000, 0x0000000711c00000, 0x0000000711e00000|  0%| F|  |TAMS 0x0000000711c00000| PB 0x0000000711c00000| Untracked 
| 124|0x0000000711e00000, 0x0000000711e00000, 0x0000000712000000|  0%| F|  |TAMS 0x0000000711e00000| PB 0x0000000711e00000| Untracked 
| 125|0x0000000712000000, 0x0000000712000000, 0x0000000712200000|  0%| F|  |TAMS 0x0000000712000000| PB 0x0000000712000000| Untracked 
| 126|0x0000000712200000, 0x0000000712270a58, 0x0000000712400000| 22%| E|  |TAMS 0x0000000712200000| PB 0x0000000712200000| Complete 

Card table byte_map: [0x00000240243c0000,0x0000024024bb0000] _byte_map_base: 0x0000024020bad000

Marking Bits: (CMBitMap*) 0x000002400c208120
 Bits: [0x0000024024bb0000, 0x0000024028b18000)

Polling page: 0x000002400b810000

Metaspace:

Usage:
  Non-class:      0 bytes used.
      Class:      0 bytes used.
       Both:      0 bytes used.

Virtual space:
  Non-class space:        0 bytes reserved,       0 bytes (  ?%) committed,  0 nodes.
      Class space:        1.00 GB reserved,       0 bytes (  0%) committed,  1 nodes.
             Both:        1.00 GB reserved,       0 bytes (  0%) committed. 

Chunk freelists:
   Non-Class:  0 bytes
       Class:  16.00 MB
        Both:  16.00 MB

MaxMetaspaceSize: unlimited
CompressedClassSpaceSize: 1.00 GB
Initial GC threshold: 21.00 MB
Current GC threshold: 17179869184.00 GB
CDS: on
 - commit_granule_bytes: 65536.
 - commit_granule_words: 8192.
 - virtual_space_node_default_size: 8388608.
 - enlarge_chunks_in_place: 1.
 - use_allocation_guard: 0.


Internal statistics:

num_allocs_failed_limit: 0.
num_arena_births: 0.
num_arena_deaths: 0.
num_vsnodes_births: 1.
num_vsnodes_deaths: 0.
num_space_committed: 0.
num_space_uncommitted: 0.
num_chunks_returned_to_freelist: 0.
num_chunks_taken_from_freelist: 1.
num_chunk_merges: 0.
num_chunk_splits: 1.
num_chunks_enlarged: 0.
num_inconsistent_stats: 0.

CodeHeap 'non-profiled nmethods': size=120000Kb used=0Kb max_used=0Kb free=120000Kb
 bounds [0x000002401c370000, 0x000002401c5e0000, 0x00000240238a0000]
CodeHeap 'profiled nmethods': size=120000Kb used=0Kb max_used=0Kb free=120000Kb
 bounds [0x00000240148a0000, 0x0000024014b10000, 0x000002401bdd0000]
CodeHeap 'non-nmethods': size=5760Kb used=184Kb max_used=344Kb free=5575Kb
 bounds [0x000002401bdd0000, 0x000002401c040000, 0x000002401c370000]
CodeCache: size=245760Kb, used=184Kb, max_used=344Kb, free=245575Kb
 total_blobs=43, nmethods=0, adapters=20, full_count=0
Compilation: enabled, stopped_count=0, restarted_count=0

Compilation events (0 events):
No events

GC Heap History (0 events):
No events

Dll operation events (1 events):
Event: 0.022 Loaded shared library C:\Program Files\Microsoft\jdk-21.0.9.10-hotspot\bin\java.dll

Deoptimization events (0 events):
No events

Classes loaded (0 events):
No events

Classes unloaded (0 events):
No events

Classes redefined (0 events):
No events

Internal exceptions (0 events):
No events

ZGC Phase Switch (0 events):
No events

VM Operations (0 events):
No events

Memory protections (0 events):
No events

Nmethod flushes (0 events):
No events

Events (1 events):
Event: 0.054 Thread 0x0000024009db6cf0 Thread added: 0x0000024009db6cf0


Dynamic libraries:
0x00007ff73c960000 - 0x00007ff73c96e000 	C:\Program Files\Microsoft\jdk-21.0.9.10-hotspot\bin\java.exe
0x00007ffdb0880000 - 0x00007ffdb0ae8000 	C:\WINDOWS\SYSTEM32\ntdll.dll
0x00007ffdaf300000 - 0x00007ffdaf3c9000 	C:\WINDOWS\System32\KERNEL32.DLL
0x00007ffdae220000 - 0x00007ffdae618000 	C:\WINDOWS\System32\KERNELBASE.dll
0x00007ffdadb40000 - 0x00007ffdadc8b000 	C:\WINDOWS\System32\ucrtbase.dll
0x00007ffd9c500000 - 0x00007ffd9c51e000 	C:\Program Files\Microsoft\jdk-21.0.9.10-hotspot\bin\VCRUNTIME140.dll
0x00007ffda4bb0000 - 0x00007ffda4bc8000 	C:\Program Files\Microsoft\jdk-21.0.9.10-hotspot\bin\jli.dll
0x00007ffd8ced0000 - 0x00007ffd8d164000 	C:\WINDOWS\WinSxS\amd64_microsoft.windows.common-controls_6595b64144ccf1df_6.0.26100.7019_none_3e06ffa0e335b8a8\COMCTL32.dll
0x00007ffdb0290000 - 0x00007ffdb0457000 	C:\WINDOWS\System32\USER32.dll
0x00007ffdaee40000 - 0x00007ffdaeee9000 	C:\WINDOWS\System32\msvcrt.dll
0x00007ffdae140000 - 0x00007ffdae167000 	C:\WINDOWS\System32\win32u.dll
0x00007ffdae680000 - 0x00007ffdae6ab000 	C:\WINDOWS\System32\GDI32.dll
0x00007ffdadc90000 - 0x00007ffdaddbc000 	C:\WINDOWS\System32\gdi32full.dll
0x00007ffdada90000 - 0x00007ffdadb33000 	C:\WINDOWS\System32\msvcp_win.dll
0x00007ffdb0750000 - 0x00007ffdb0781000 	C:\WINDOWS\System32\IMM32.DLL
0x00007ffda1300000 - 0x00007ffda130c000 	C:\Program Files\Microsoft\jdk-21.0.9.10-hotspot\bin\vcruntime140_1.dll
0x00007ffd953e0000 - 0x00007ffd95469000 	C:\Program Files\Microsoft\jdk-21.0.9.10-hotspot\bin\msvcp140.dll
0x00007ffd258e0000 - 0x00007ffd2668d000 	C:\Program Files\Microsoft\jdk-21.0.9.10-hotspot\bin\server\jvm.dll
0x00007ffdaed80000 - 0x00007ffdaee34000 	C:\WINDOWS\System32\ADVAPI32.dll
0x00007ffdb0460000 - 0x00007ffdb0506000 	C:\WINDOWS\System32\sechost.dll
0x00007ffdaf640000 - 0x00007ffdaf758000 	C:\WINDOWS\System32\RPCRT4.dll
0x00007ffdaed00000 - 0x00007ffdaed74000 	C:\WINDOWS\System32\WS2_32.dll
0x00007ffdad850000 - 0x00007ffdad8ae000 	C:\WINDOWS\SYSTEM32\POWRPROF.dll
0x00007ffd8ed60000 - 0x00007ffd8ed95000 	C:\WINDOWS\SYSTEM32\WINMM.dll
0x00007ffda1620000 - 0x00007ffda162b000 	C:\WINDOWS\SYSTEM32\VERSION.dll
0x00007ffdad830000 - 0x00007ffdad844000 	C:\WINDOWS\SYSTEM32\UMPDC.dll
0x00007ffdac620000 - 0x00007ffdac63b000 	C:\WINDOWS\SYSTEM32\kernel.appcore.dll
0x00007ffd9c4f0000 - 0x00007ffd9c4fa000 	C:\Program Files\Microsoft\jdk-21.0.9.10-hotspot\bin\jimage.dll
0x00007ffda7f10000 - 0x00007ffda8152000 	C:\WINDOWS\SYSTEM32\DBGHELP.DLL
0x00007ffdaeef0000 - 0x00007ffdaf27b000 	C:\WINDOWS\System32\combase.dll
0x00007ffdae6b0000 - 0x00007ffdae787000 	C:\WINDOWS\System32\OLEAUT32.dll
0x00007ffd8f400000 - 0x00007ffd8f43c000 	C:\WINDOWS\SYSTEM32\dbgcore.DLL
0x00007ffdae170000 - 0x00007ffdae215000 	C:\WINDOWS\System32\bcryptPrimitives.dll
0x00007ffd9a330000 - 0x00007ffd9a340000 	C:\Program Files\Microsoft\jdk-21.0.9.10-hotspot\bin\instrument.dll
0x00007ffd9c4c0000 - 0x00007ffd9c4e1000 	C:\Program Files\Microsoft\jdk-21.0.9.10-hotspot\bin\java.dll

JVMTI agents:
C:\Program Files\JetBrains\IntelliJ IDEA Community Edition 2025.2.3\lib\idea_rt.jar path:none, loaded, not initialized, instrumentlib options:59446

dbghelp: loaded successfully - version: 4.0.5 - missing functions: none
symbol engine: initialized successfully - sym options: 0x614 - pdb path: .;C:\Program Files\Microsoft\jdk-21.0.9.10-hotspot\bin;C:\WINDOWS\SYSTEM32;C:\WINDOWS\WinSxS\amd64_microsoft.windows.common-controls_6595b64144ccf1df_6.0.26100.7019_none_3e06ffa0e335b8a8;C:\Program Files\Microsoft\jdk-21.0.9.10-hotspot\bin\server

VM Arguments:
jvm_args: -javaagent:C:\Program Files\JetBrains\IntelliJ IDEA Community Edition 2025.2.3\lib\idea_rt.jar=59446 -Dfile.encoding=UTF-8 -Dsun.stdout.encoding=UTF-8 -Dsun.stderr.encoding=UTF-8 
java_command: com.gft.api_gateway.Startup
java_class_path (initial): C:\Users\mugd\OneDrive - GFT Technologies SE\Documents\aprendizado\Projetos Java\estudos\curso microsserviço\service-registry with eureka - example\api-gateway\target\classes;C:\Users\mugd\.m2\repository\org\springframework\boot\spring-boot-starter-actuator\4.0.0\spring-boot-starter-actuator-4.0.0.jar;C:\Users\mugd\.m2\repository\org\springframework\boot\spring-boot-starter\4.0.0\spring-boot-starter-4.0.0.jar;C:\Users\mugd\.m2\repository\org\springframework\boot\spring-boot-starter-logging\4.0.0\spring-boot-starter-logging-4.0.0.jar;C:\Users\mugd\.m2\repository\ch\qos\logback\logback-classic\1.5.21\logback-classic-1.5.21.jar;C:\Users\mugd\.m2\repository\ch\qos\logback\logback-core\1.5.21\logback-core-1.5.21.jar;C:\Users\mugd\.m2\repository\org\apache\logging\log4j\log4j-to-slf4j\2.25.2\log4j-to-slf4j-2.25.2.jar;C:\Users\mugd\.m2\repository\org\apache\logging\log4j\log4j-api\2.25.2\log4j-api-2.25.2.jar;C:\Users\mugd\.m2\repository\org\slf4j\jul-to-slf4j\2.0.17\jul-to-slf4j-2.0.17.jar;C:\Users\mugd\.m2\repository\org\springframework\boot\spring-boot-autoconfigure\4.0.0\spring-boot-autoconfigure-4.0.0.jar;C:\Users\mugd\.m2\repository\jakarta\annotation\jakarta.annotation-api\3.0.0\jakarta.annotation-api-3.0.0.jar;C:\Users\mugd\.m2\repository\org\yaml\snakeyaml\2.5\snakeyaml-2.5.jar;C:\Users\mugd\.m2\repository\org\springframework\boot\spring-boot-starter-micrometer-metrics\4.0.0\spring-boot-starter-micrometer-metrics-4.0.0.jar;C:\Users\mugd\.m2\repository\org\springframework\boot\spring-boot-micrometer-metrics\4.0.0\spring-boot-micrometer-metrics-4.0.0.jar;C:\Users\mugd\.m2\repository\org\springframework\boot\spring-boot-micrometer-observation\4.0.0\spring-boot-micrometer-observation-4.0.0.jar;C:\Users\mugd\.m2\repository\org\springframework\boot\spring-boot-actuator-autoconfigure\4.0.0\spring-boot-actuator-autoconfigure-4.0.0.jar;C:\Users\mugd\.m2\repository\org\springframework\boot\spring-boot-actuator\4.0.0\spring-boot-actuator-4.0.0.jar;C:\Users\mugd\.m2\repository\org\springframework\boot\spring-boot-health\4.0.0\spring-boot-health-4.0.0.jar;C:\Users\mugd\.m2\repository\org\springframework\boot\spring-boot\4.0.0\spring-boot-4.0.0.jar;C:\Users\mugd\.m2\repository\org\springframework\spring-context\7.0.1\spring-context-7.0.1.jar;C:\Users\mugd\.m2\repository\org\springframework\spring-aop\7.0.1\spring-aop-7.0.1.jar;C:\Users\mugd\.m2\repository\org\springframework\spring-beans\7.0.1\spring-beans-7.0.1.jar;C:\Users\mugd\.m2\repository\org\springframework\spring-expression\7.0.1\spring-expression-7.0.1.jar;C:\Users\mugd\.m2\repository\io\micrometer\micrometer-observation\1.16.0\micrometer-observation-1.16.0.jar;C:\Users\mugd\.m2\repository\org\jspecify\jspecify\1.0.0\jspecify-1.0.0.jar;C:\Users\mugd\.m2\repository\io\micrometer\micrometer-commons\1.16.0\micrometer-commons-1.16.0.jar;C:\Users\mugd\.m2\repository\io\micrometer\micrometer-jakarta9\1.16.0\micrometer-jakarta9-1.16.0.jar;C:\Users\mugd\.m2\repository\io\micrometer\micrometer-core\1.16.0\micrometer-core-1.16.0.jar;C:\Users\mugd\.m2\repository\org\hdrhistogram\HdrHistogram\2.2.2\HdrHistogram-2.2.2.jar;C:\Users\mugd\.m2\repository\org\latencyutils\LatencyUtils\2.0.3\LatencyUtils-2.0.3.jar;C:\Users\mugd\.m2\repository\org\springframework\cloud\spring-cloud-starter-gateway-server-webflux\5.0.0\spring-cloud-starter-gateway-server-webflux-5.0.0.jar;C:\Users\mugd\.m2\repository\org\springframework\cloud\spring-cloud-starter\5.0.0\spring-cloud-starter-5.0.0.jar;C:\Users\mugd\.m2\repository\org\springframework\cloud\spring-cloud-context\5.0.0\spring-cloud-context-5.0.0.jar;C:\Users\mugd\.m2\repository\org\springframework\security\spring-security-crypto\7.0.0\spring-security-crypto-7.0.0.jar;C:\Users\mugd\.m2\repository\org\springframework\cloud\spring-cloud-commons\5.0.0\spring-cloud-commons-5.0.0.jar;C:\Users\mugd\.m2\repository\org\bouncycastle\bcprov-jdk18on\1.81\bcprov-jdk18on-1.81.jar;C:\Users\mugd\.m2\repository\org\springframework\cloud\spring-cloud-gateway-server-webflux\5.0.0\spring-cloud-gateway-server-webflux-5.0.0.jar;C:\Users\mugd\.m2\repository\org\springframework\boot\spring-boot-starter-validation\4.0.0\spring-boot-starter-validation-4.0.0.jar;C:\Users\mugd\.m2\repository\org\springframework\boot\spring-boot-validation\4.0.0\spring-boot-validation-4.0.0.jar;C:\Users\mugd\.m2\repository\org\apache\tomcat\embed\tomcat-embed-el\11.0.14\tomcat-embed-el-11.0.14.jar;C:\Users\mugd\.m2\repository\org\hibernate\validator\hibernate-validator\9.0.1.Final\hibernate-validator-9.0.1.Final.jar;C:\Users\mugd\.m2\repository\jakarta\validation\jakarta.validation-api\3.1.1\jakarta.validation-api-3.1.1.jar;C:\Users\mugd\.m2\repository\org\jboss\logging\jboss-logging\3.6.1.Final\jboss-logging-3.6.1.Final.jar;C:\Users\mugd\.m2\repository\com\fasterxml\classmate\1.7.1\classmate-1.7.1.jar;C:\Users\mugd\.m2\repository\io\projectreactor\addons\reactor-extra\3.6.0\reactor-extra-3.6.0.jar;C:\Users\mugd\.m2\repository\io\projectreactor\reactor-core\3.8.0\reactor-core-3.8.0.jar;C:\Users\mugd\.m2\repository\org\reactivestreams\reactive-streams\1.0.4\reactive-streams-1.0.4.jar;C:\Users\mugd\.m2\repository\org\springframework\boot\spring-boot-starter-webflux\4.0.0\spring-boot-starter-webflux-4.0.0.jar;C:\Users\mugd\.m2\repository\org\springframework\boot\spring-boot-starter-jackson\4.0.0\spring-boot-starter-jackson-4.0.0.jar;C:\Users\mugd\.m2\repository\org\springframework\boot\spring-boot-jackson\4.0.0\spring-boot-jackson-4.0.0.jar;C:\Users\mugd\.m2\repository\tools\jackson\core\jackson-databind\3.0.2\jackson-databind-3.0.2.jar;C:\Users\mugd\.m2\repository\tools\jackson\core\jackson-core\3.0.2\jackson-core-3.0.2.jar;C:\Users\mugd\.m2\repository\org\springframework\boot\spring-boot-starter-reactor-netty\4.0.0\spring-boot-starter-reactor-netty-4.0.0.jar;C:\Users\mugd\.m2\repository\org\springframework\boot\spring-boot-reactor\4.0.0\spring-boot-reactor-4.0.0.jar;C:\Users\mugd\.m2\repository\org\springframework\boot\spring-boot-reactor-netty\4.0.0\spring-boot-reactor-netty-4.0.0.jar;C:\Users\mugd\.m2\repository\io\projectreactor\netty\reactor-netty-http\1.3.0\reactor-netty-http-1.3.0.jar;C:\Users\mugd\.m2\repository\io\netty\netty-codec-http\4.2.7.Final\netty-codec-http-4.2.7.Final.jar;C:\Users\mugd\.m2\repository\io\netty\netty-buffer\4.2.7.Final\netty-buffer-4.2.7.Final.jar;C:\Users\mugd\.m2\repository\io\netty\netty-transport\4.2.7.Final\netty-transport-4.2.7.Final.jar;C:\Users\mugd\.m2\repository\io\netty\netty-codec-base\4.2.7.Final\netty-codec-base-4.2.7.Final.jar;C:\Users\mugd\.m2\repository\io\netty\netty-codec-compression\4.2.7.Final\netty-codec-compression-4.2.7.Final.jar;C:\Users\mugd\.m2\repository\io\netty\netty-handler\4.2.7.Final\netty-handler-4.2.7.Final.jar;C:\Users\mugd\.m2\repository\io\netty\netty-codec-http2\4.2.7.Final\netty-codec-http2-4.2.7.Final.jar;C:\Users\mugd\.m2\repository\io\netty\netty-codec-http3\4.2.7.Final\netty-codec-http3-4.2.7.Final.jar;C:\Users\mugd\.m2\repository\io\netty\netty-transport-native-unix-common\4.2.7.Final\netty-transport-native-unix-common-4.2.7.Final.jar;C:\Users\mugd\.m2\repository\io\netty\netty-resolver\4.2.7.Final\netty-resolver-4.2.7.Final.jar;C:\Users\mugd\.m2\repository\io\netty\netty-codec-classes-quic\4.2.7.Final\netty-codec-classes-quic-4.2.7.Final.jar;C:\Users\mugd\.m2\repository\io\netty\netty-codec-native-quic\4.2.7.Final\netty-codec-native-quic-4.2.7.Final-linux-x86_64.jar;C:\Users\mugd\.m2\repository\io\netty\netty-codec-native-quic\4.2.7.Final\netty-codec-native-quic-4.2.7.Final-linux-aarch_64.jar;C:\Users\mugd\.m2\repository\io\netty\netty-codec-native-quic\4.2.7.Final\netty-codec-native-quic-4.2.7.Final-osx-x86_64.jar;C:\Users\mugd\.m2\repository\io\netty\netty-codec-native-quic\4.2.7.Final\netty-codec-native-quic-4.2.7.Final-osx-aarch_64.jar;C:\Users\mugd\.m2\repository\io\netty\netty-codec-native-quic\4.2.7.Final\netty-codec-native-quic-4.2.7.Final-windows-x86_64.jar;C:\Users\mugd\.m2\repository\io\netty\netty-resolver-dns\4.2.7.Final\netty-resolver-dns-4.2.7.Final.jar;C:\Users\mugd\.m2\repository\io\netty\netty-codec-dns\4.2.7.Final\netty-codec-dns-4.2.7.Final.jar;C:\Users\mugd\.m2\repository\io\netty\netty-resolver-dns-native-macos\4.2.7.Final\netty-resolver-dns-native-macos-4.2.7.Final-osx-x86_64.jar;C:\Users\mugd\.m2\repository\io\netty\netty-resolver-dns-classes-macos\4.2.7.Final\netty-resolver-dns-classes-macos-4.2.7.Final.jar;C:\Users\mugd\.m2\repository\io\netty\netty-transport-native-epoll\4.2.7.Final\netty-transport-native-epoll-4.2.7.Final-linux-x86_64.jar;C:\Users\mugd\.m2\repository\io\netty\netty-transport-classes-epoll\4.2.7.Final\netty-transport-classes-epoll-4.2.7.Final.jar;C:\Users\mugd\.m2\repository\io\projectreactor\netty\reactor-netty-core\1.3.0\reactor-netty-core-1.3.0.jar;C:\Users\mugd\.m2\repository\io\netty\netty-handler-proxy\4.2.7.Final\netty-handler-proxy-4.2.7.Final.jar;C:\Users\mugd\.m2\repository\io\netty\netty-codec-socks\4.2.7.Final\netty-codec-socks-4.2.7.Final.jar;C:\Users\mugd\.m2\repository\org\springframework\boot\spring-boot-netty\4.0.0\spring-boot-netty-4.0.0.jar;C:\Users\mugd\.m2\repository\io\netty\netty-common\4.2.7.Final\netty-common-4.2.7.Final.jar;C:\Users\mugd\.m2\repository\org\springframework\boot\spring-boot-webflux\4.0.0\spring-boot-webflux-4.0.0.jar;C:\Users\mugd\.m2\repository\org\springframework\boot\spring-boot-http-codec\4.0.0\spring-boot-http-codec-4.0.0.jar;C:\Users\mugd\.m2\repository\org\springframework\spring-webflux\7.0.1\spring-webflux-7.0.1.jar;C:\Users\mugd\.m2\repository\org\springframework\boot\spring-boot-web-server\4.0.0\spring-boot-web-server-4.0.0.jar;C:\Users\mugd\.m2\repository\org\springframework\cloud\spring-cloud-starter-netflix-eureka-client\5.0.0\spring-cloud-starter-netflix-eureka-client-5.0.0.jar;C:\Users\mugd\.m2\repository\org\springframework\cloud\spring-cloud-netflix-eureka-client\5.0.0\spring-cloud-netflix-eureka-client-5.0.0.jar;C:\Users\mugd\.m2\repository\org\springframework\boot\spring-boot-jackson2\4.0.0\spring-boot-jackson2-4.0.0.jar;C:\Users\mugd\.m2\repository\org\springframework\spring-web\7.0.1\spring-web-7.0.1.jar;C:\Users\mugd\.m2\repository\com\fasterxml\jackson\datatype\jackson-datatype-jdk8\2.20.1\jackson-datatype-jdk8-2.20.1.jar;C:\Users\mugd\.m2\repository\com\fasterxml\jackson\datatype\jackson-datatype-jsr310\2.20.1\jackson-datatype-jsr310-2.20.1.jar;C:\Users\mugd\.m2\repository\com\fasterxml\jackson\module\jackson-module-parameter-names\2.20.1\jackson-module-parameter-names-2.20.1.jar;C:\Users\mugd\.m2\repository\org\apache\httpcomponents\client5\httpclient5\5.5.1\httpclient5-5.5.1.jar;C:\Users\mugd\.m2\repository\org\apache\httpcomponents\core5\httpcore5\5.3.6\httpcore5-5.3.6.jar;C:\Users\mugd\.m2\repository\org\apache\httpcomponents\core5\httpcore5-h2\5.3.6\httpcore5-h2-5.3.6.jar;C:\Users\mugd\.m2\repository\com\netflix\eureka\eureka-client\2.0.5\eureka-client-2.0.5.jar;C:\Users\mugd\.m2\repository\com\thoughtworks\xstream\xstream\1.4.21\xstream-1.4.21.jar;C:\Users\mugd\.m2\repository\io\github\x-stream\mxparser\1.2.2\mxparser-1.2.2.jar;C:\Users\mugd\.m2\repository\xmlpull\xmlpull\1.1.3.1\xmlpull-1.1.3.1.jar;C:\Users\mugd\.m2\repository\jakarta\ws\rs\jakarta.ws.rs-api\4.0.0\jakarta.ws.rs-api-4.0.0.jar;C:\Users\mugd\.m2\repository\jakarta\inject\jakarta.inject-api\2.0.1\jakarta.inject-api-2.0.1.jar;C:\Users\mugd\.m2\repository\com\netflix\spectator\spectator-api\1.7.3\spectator-api-1.7.3.jar;C:\Users\mugd\.m2\repository\org\slf4j\slf4j-api\2.0.17\slf4j-api-2.0.17.jar;C:\Users\mugd\.m2\repository\org\apache\httpcomponents\httpclient\4.5.3\httpclient-4.5.3.jar;C:\Users\mugd\.m2\repository\org\apache\httpcomponents\httpcore\4.4.16\httpcore-4.4.16.jar;C:\Users\mugd\.m2\repository\commons-codec\commons-codec\1.19.0\commons-codec-1.19.0.jar;C:\Users\mugd\.m2\repository\commons-configuration\commons-configuration\1.10\commons-configuration-1.10.jar;C:\Users\mugd\.m2\repository\commons-lang\commons-lang\2.6\commons-lang-2.6.jar;C:\Users\mugd\.m2\repository\com\fasterxml\jackson\core\jackson-annotations\2.20\jackson-annotations-2.20.jar;C:\Users\mugd\.m2\repository\com\fasterxml\jackson\core\jackson-core\2.20.1\jackson-core-2.20.1.jar;C:\Users\mugd\.m2\repository\com\fasterxml\jackson\core\jackson-databind\2.20.1\jackson-databind-2.20.1.jar;C:\Users\mugd\.m2\repository\com\netflix\netflix-commons\netflix-eventbus\0.3.0\netflix-eventbus-0.3.0.jar;C:\Users\mugd\.m2\repository\com\netflix\netflix-commons\netflix-infix\0.3.0\netflix-infix-0.3.0.jar;C:\Users\mugd\.m2\repository\commons-jxpath\commons-jxpath\1.3\commons-jxpath-1.3.jar;C:\Users\mugd\.m2\repository\joda-time\joda-time\2.3\joda-time-2.3.jar;C:\Users\mugd\.m2\repository\org\antlr\antlr-runtime\3.4\antlr-runtime-3.4.jar;C:\Users\mugd\.m2\repository\org\antlr\stringtemplate\3.2.1\stringtemplate-3.2.1.jar;C:\Users\mugd\.m2\repository\antlr\antlr\2.7.7\antlr-2.7.7.jar;C:\Users\mugd\.m2\repository\com\google\guava\guava\14.0.1\guava-14.0.1.jar;C:\Users\mugd\.m2\repository\com\google\code\gson\gson\2.13.2\gson-2.13.2.jar;C:\Users\mugd\.m2\repository\com\google\errorprone\error_prone_annotations\2.41.0\error_prone_annotations-2.41.0.jar;C:\Users\mugd\.m2\repository\com\netflix\servo\servo-core\0.5.3\servo-core-0.5.3.jar;C:\Users\mugd\.m2\repository\org\apache\commons\commons-math\2.2\commons-math-2.2.jar;C:\Users\mugd\.m2\repository\javax\annotation\javax.annotation-api\1.2\javax.annotation-api-1.2.jar;C:\Users\mugd\.m2\repository\org\codehaus\jettison\jettison\1.5.4\jettison-1.5.4.jar;C:\Users\mugd\.m2\repository\org\springframework\cloud\spring-cloud-starter-loadbalancer\5.0.0\spring-cloud-starter-loadbalancer-5.0.0.jar;C:\Users\mugd\.m2\repository\org\springframework\cloud\spring-cloud-loadbalancer\5.0.0\spring-cloud-loadbalancer-5.0.0.jar;C:\Users\mugd\.m2\repository\org\springframework\boot\spring-boot-starter-cache\4.0.0\spring-boot-starter-cache-4.0.0.jar;C:\Users\mugd\.m2\repository\org\springframework\boot\spring-boot-cache\4.0.0\spring-boot-cache-4.0.0.jar;C:\Users\mugd\.m2\repository\org\springframework\spring-context-support\7.0.1\spring-context-support-7.0.1.jar;C:\Users\mugd\.m2\repository\com\stoyanr\evictor\1.0.0\evictor-1.0.0.jar;C:\Users\mugd\.m2\repository\org\springframework\spring-core\7.0.1\spring-core-7.0.1.jar;C:\Users\mugd\.m2\repository\commons-logging\commons-logging\1.3.5\commons-logging-1.3.5.jar
Launcher Type: SUN_STANDARD

[Global flags]
     intx CICompilerCount                          = 4                                         {product} {ergonomic}
     uint ConcGCThreads                            = 2                                         {product} {ergonomic}
     uint G1ConcRefinementThreads                  = 8                                         {product} {ergonomic}
   size_t G1HeapRegionSize                         = 2097152                                   {product} {ergonomic}
    uintx GCDrainStackTargetSize                   = 64                                        {product} {ergonomic}
   size_t InitialHeapSize                          = 266338304                                 {product} {ergonomic}
   size_t MarkStackSize                            = 4194304                                   {product} {ergonomic}
   size_t MaxHeapSize                              = 4255121408                                {product} {ergonomic}
   size_t MaxNewSize                               = 2552233984                                {product} {ergonomic}
   size_t MinHeapDeltaBytes                        = 2097152                                   {product} {ergonomic}
   size_t MinHeapSize                              = 8388608                                   {product} {ergonomic}
    uintx NonNMethodCodeHeapSize                   = 5839372                                {pd product} {ergonomic}
    uintx NonProfiledCodeHeapSize                  = 122909434                              {pd product} {ergonomic}
    uintx ProfiledCodeHeapSize                     = 122909434                              {pd product} {ergonomic}
    uintx ReservedCodeCacheSize                    = 251658240                              {pd product} {ergonomic}
     bool SegmentedCodeCache                       = true                                      {product} {ergonomic}
   size_t SoftMaxHeapSize                          = 4255121408                             {manageable} {ergonomic}
     bool UseCompressedOops                        = true                           {product lp64_product} {ergonomic}
     bool UseG1GC                                  = true                                      {product} {ergonomic}
     bool UseLargePagesIndividualAllocation        = false                                  {pd product} {ergonomic}

Logging:
Log output configuration:
 #0: stdout all=warning uptime,level,tags foldmultilines=false
 #1: stderr all=off uptime,level,tags foldmultilines=false

Release file:
<release file has not been read>
Environment Variables:
JAVA_HOME=C:\Program Files\Microsoft\jdk-21.0.9.10-hotspot
PATH=C:\Python314\Scripts\;C:\Python314\;C:\WINDOWS\system32;C:\WINDOWS;C:\WINDOWS\System32\Wbem;C:\WINDOWS\System32\WindowsPowerShell\v1.0\;C:\WINDOWS\System32\OpenSSH\;C:\Program Files\dotnet\;C:\ProgramData\chocolatey\bin;C:\apache-maven-3.9.11\bin;C:\Program Files\Microsoft\jdk-21.0.9.10-hotspot\bin;C:\Program Files\nodejs\;C:\Program Files\Git\cmd;C:\Program Files\Rancher Desktop\resources\resources\win32\bin\;C:\Program Files\Rancher Desktop\resources\resources\win32\docker-cli-plugins\;C:\Program Files\Rancher Desktop\resources\resources\linux\bin\;C:\Program Files\Rancher Desktop\resources\resources\linux\docker-cli-plugins\;C:\Users\mugd\AppData\Local\Microsoft\WindowsApps;C:\Users\mugd\AppData\Roaming\npm;C:\Users\mugd\AppData\Local\Python\bin;C:\Users\mugd\AppData\Local\Programs\Microsoft VS Code\bin
USERNAME=mugd
OS=Windows_NT
PROCESSOR_IDENTIFIER=Intel64 Family 6 Model 142 Stepping 12, GenuineIntel
TMP=C:\Users\mugd\AppData\Local\Temp
TEMP=C:\Users\mugd\AppData\Local\Temp




Periodic native trim disabled

---------------  S Y S T E M  ---------------

OS:
 Windows 11 , 64 bit Build 26100 (10.0.26100.7019)
OS uptime: 0 days 5:28 hours
Hyper-V role detected

CPU: total 8 (initial active 8) (4 cores per cpu, 2 threads per core) family 6 model 142 stepping 12 microcode 0x100, cx8, cmov, fxsr, ht, mmx, 3dnowpref, sse, sse2, sse3, ssse3, sse4.1, sse4.2, popcnt, lzcnt, tsc, tscinvbit, avx, avx2, aes, erms, clmul, bmi1, bmi2, adx, fma, vzeroupper, clflush, clflushopt, hv, rdtscp, f16c
Processor Information for the first 8 processors :
  Max Mhz: 1800, Current Mhz: 1600, Mhz Limit: 1584

Memory: 4k page, system-wide physical 16230M (2963M free)
TotalPageFile size 24934M (AvailPageFile size 6680M)
current process WorkingSet (physical memory assigned to process): 28M, peak: 28M
current process commit charge ("private bytes"): 334M, peak: 334M

vm_info: OpenJDK 64-Bit Server VM (21.0.9+10-LTS) for windows-amd64 JRE (21.0.9+10-LTS), built on 2025-10-13T22:04:36Z by "MicrosoftCorporation" with unknown MS VC++:1944

END.
